0 info it worked if it ends with ok
1 verbose cli [ '/usr/local/bin/node',
1 verbose cli   '/usr/local/bin/npm',
1 verbose cli   'install',
1 verbose cli   'node-dht-sensor' ]
2 info using npm@4.1.2
3 info using node@v7.6.0
4 silly loadCurrentTree Starting
5 silly install loadCurrentTree
6 silly install readLocalPackageData
7 silly fetchPackageMetaData node-dht-sensor@latest
8 silly fetchNamedPackageData node-dht-sensor
9 silly mapToRegistry name node-dht-sensor
10 silly mapToRegistry using default registry
11 silly mapToRegistry registry https://registry.npmjs.org/
12 silly mapToRegistry data Result {
12 silly mapToRegistry   raw: 'node-dht-sensor',
12 silly mapToRegistry   scope: null,
12 silly mapToRegistry   escapedName: 'node-dht-sensor',
12 silly mapToRegistry   name: 'node-dht-sensor',
12 silly mapToRegistry   rawSpec: '',
12 silly mapToRegistry   spec: 'latest',
12 silly mapToRegistry   type: 'tag' }
13 silly mapToRegistry uri https://registry.npmjs.org/node-dht-sensor
14 verbose request uri https://registry.npmjs.org/node-dht-sensor
15 verbose request no auth needed
16 info attempt registry request try #1 at 12:15:47
17 verbose request id 7ea2d5727253c50c
18 verbose etag W/"5828b63b-8ba1"
19 verbose lastModified Sun, 13 Nov 2016 18:51:39 GMT
20 http request GET https://registry.npmjs.org/node-dht-sensor
21 http 304 https://registry.npmjs.org/node-dht-sensor
22 verbose headers { date: 'Sat, 11 Mar 2017 11:15:49 GMT',
22 verbose headers   via: '1.1 varnish',
22 verbose headers   'cache-control': 'max-age=300',
22 verbose headers   etag: 'W/"5828b63b-8ba1"',
22 verbose headers   age: '0',
22 verbose headers   connection: 'keep-alive',
22 verbose headers   'x-served-by': 'cache-fra1238-FRA',
22 verbose headers   'x-cache': 'HIT',
22 verbose headers   'x-cache-hits': '1',
22 verbose headers   'x-timer': 'S1489230949.088628,VS0,VE43',
22 verbose headers   vary: 'Accept-Encoding' }
23 silly get cb [ 304,
23 silly get   { date: 'Sat, 11 Mar 2017 11:15:49 GMT',
23 silly get     via: '1.1 varnish',
23 silly get     'cache-control': 'max-age=300',
23 silly get     etag: 'W/"5828b63b-8ba1"',
23 silly get     age: '0',
23 silly get     connection: 'keep-alive',
23 silly get     'x-served-by': 'cache-fra1238-FRA',
23 silly get     'x-cache': 'HIT',
23 silly get     'x-cache-hits': '1',
23 silly get     'x-timer': 'S1489230949.088628,VS0,VE43',
23 silly get     vary: 'Accept-Encoding' } ]
24 verbose etag https://registry.npmjs.org/node-dht-sensor from cache
25 verbose get saving node-dht-sensor to /root/.npm/registry.npmjs.org/node-dht-sensor/.cache.json
26 verbose correctMkdir /root/.npm correctMkdir not in flight; initializing
27 silly install normalizeTree
28 silly loadCurrentTree Finishing
29 silly loadIdealTree Starting
30 silly install loadIdealTree
31 silly cloneCurrentTree Starting
32 silly install cloneCurrentTreeToIdealTree
33 silly cloneCurrentTree Finishing
34 silly loadShrinkwrap Starting
35 silly install loadShrinkwrap
36 silly loadShrinkwrap Finishing
37 silly loadAllDepsIntoIdealTree Starting
38 silly install loadAllDepsIntoIdealTree
39 silly resolveWithNewModule node-dht-sensor@0.0.32 checking installable status
40 silly cache add args [ 'node-dht-sensor@latest', null ]
41 verbose cache add spec node-dht-sensor@latest
42 silly cache add parsed spec Result {
42 silly cache add   raw: 'node-dht-sensor@latest',
42 silly cache add   scope: null,
42 silly cache add   escapedName: 'node-dht-sensor',
42 silly cache add   name: 'node-dht-sensor',
42 silly cache add   rawSpec: 'latest',
42 silly cache add   spec: 'latest',
42 silly cache add   type: 'tag' }
43 silly addNamed node-dht-sensor@latest
44 verbose addNamed "latest" is being treated as a dist-tag for node-dht-sensor
45 info addNameTag [ 'node-dht-sensor', 'latest' ]
46 silly mapToRegistry name node-dht-sensor
47 silly mapToRegistry using default registry
48 silly mapToRegistry registry https://registry.npmjs.org/
49 silly mapToRegistry data Result {
49 silly mapToRegistry   raw: 'node-dht-sensor',
49 silly mapToRegistry   scope: null,
49 silly mapToRegistry   escapedName: 'node-dht-sensor',
49 silly mapToRegistry   name: 'node-dht-sensor',
49 silly mapToRegistry   rawSpec: '',
49 silly mapToRegistry   spec: 'latest',
49 silly mapToRegistry   type: 'tag' }
50 silly mapToRegistry uri https://registry.npmjs.org/node-dht-sensor
51 verbose addNameTag registry:https://registry.npmjs.org/node-dht-sensor not in flight; fetching
52 verbose get https://registry.npmjs.org/node-dht-sensor not expired, no request
53 silly addNameTag next cb for node-dht-sensor with tag latest
54 silly addNamed node-dht-sensor@0.0.32
55 verbose addNamed "0.0.32" is a plain semver version for node-dht-sensor
56 silly cache afterAdd node-dht-sensor@0.0.32
57 verbose afterAdd /root/.npm/node-dht-sensor/0.0.32/package/package.json not in flight; writing
58 verbose correctMkdir /root/.npm correctMkdir not in flight; initializing
59 verbose afterAdd /root/.npm/node-dht-sensor/0.0.32/package/package.json written
60 silly fetchNamedPackageData nan
61 silly mapToRegistry name nan
62 silly mapToRegistry using default registry
63 silly mapToRegistry registry https://registry.npmjs.org/
64 silly mapToRegistry data Result {
64 silly mapToRegistry   raw: 'nan',
64 silly mapToRegistry   scope: null,
64 silly mapToRegistry   escapedName: 'nan',
64 silly mapToRegistry   name: 'nan',
64 silly mapToRegistry   rawSpec: '',
64 silly mapToRegistry   spec: 'latest',
64 silly mapToRegistry   type: 'tag' }
65 silly mapToRegistry uri https://registry.npmjs.org/nan
66 verbose request uri https://registry.npmjs.org/nan
67 verbose request no auth needed
68 info attempt registry request try #1 at 12:15:59
69 verbose etag W/"58a44b6b-1df62"
70 verbose lastModified Wed, 15 Feb 2017 12:36:59 GMT
71 http request GET https://registry.npmjs.org/nan
72 http 304 https://registry.npmjs.org/nan
73 verbose headers { date: 'Sat, 11 Mar 2017 11:15:59 GMT',
73 verbose headers   via: '1.1 varnish',
73 verbose headers   'cache-control': 'max-age=300',
73 verbose headers   etag: 'W/"58a44b6b-1df62"',
73 verbose headers   age: '294',
73 verbose headers   connection: 'keep-alive',
73 verbose headers   'x-served-by': 'cache-fra1238-FRA',
73 verbose headers   'x-cache': 'HIT',
73 verbose headers   'x-cache-hits': '3',
73 verbose headers   'x-timer': 'S1489230959.222770,VS0,VE0',
73 verbose headers   vary: 'Accept-Encoding' }
74 silly get cb [ 304,
74 silly get   { date: 'Sat, 11 Mar 2017 11:15:59 GMT',
74 silly get     via: '1.1 varnish',
74 silly get     'cache-control': 'max-age=300',
74 silly get     etag: 'W/"58a44b6b-1df62"',
74 silly get     age: '294',
74 silly get     connection: 'keep-alive',
74 silly get     'x-served-by': 'cache-fra1238-FRA',
74 silly get     'x-cache': 'HIT',
74 silly get     'x-cache-hits': '3',
74 silly get     'x-timer': 'S1489230959.222770,VS0,VE0',
74 silly get     vary: 'Accept-Encoding' } ]
75 verbose etag https://registry.npmjs.org/nan from cache
76 verbose get saving nan to /root/.npm/registry.npmjs.org/nan/.cache.json
77 verbose correctMkdir /root/.npm correctMkdir not in flight; initializing
78 silly pickManifestFromRegistryMetadata spec >=2.4.0 <3.0.0 tag latest versions [ '0.3.0-wip',
78 silly pickManifestFromRegistryMetadata   '0.3.0-wip2',
78 silly pickManifestFromRegistryMetadata   '0.3.0',
78 silly pickManifestFromRegistryMetadata   '0.3.1',
78 silly pickManifestFromRegistryMetadata   '0.3.2',
78 silly pickManifestFromRegistryMetadata   '0.4.0',
78 silly pickManifestFromRegistryMetadata   '0.4.1',
78 silly pickManifestFromRegistryMetadata   '0.4.2',
78 silly pickManifestFromRegistryMetadata   '0.4.3',
78 silly pickManifestFromRegistryMetadata   '0.4.4',
78 silly pickManifestFromRegistryMetadata   '0.5.0',
78 silly pickManifestFromRegistryMetadata   '0.5.1',
78 silly pickManifestFromRegistryMetadata   '0.5.2',
78 silly pickManifestFromRegistryMetadata   '0.6.0',
78 silly pickManifestFromRegistryMetadata   '0.7.0',
78 silly pickManifestFromRegistryMetadata   '0.7.1',
78 silly pickManifestFromRegistryMetadata   '0.8.0',
78 silly pickManifestFromRegistryMetadata   '1.0.0',
78 silly pickManifestFromRegistryMetadata   '1.1.0',
78 silly pickManifestFromRegistryMetadata   '1.1.1',
78 silly pickManifestFromRegistryMetadata   '1.1.2',
78 silly pickManifestFromRegistryMetadata   '1.2.0',
78 silly pickManifestFromRegistryMetadata   '1.3.0',
78 silly pickManifestFromRegistryMetadata   '1.4.0',
78 silly pickManifestFromRegistryMetadata   '1.4.1',
78 silly pickManifestFromRegistryMetadata   '1.5.0',
78 silly pickManifestFromRegistryMetadata   '1.4.2',
78 silly pickManifestFromRegistryMetadata   '1.4.3',
78 silly pickManifestFromRegistryMetadata   '1.5.1',
78 silly pickManifestFromRegistryMetadata   '1.5.2',
78 silly pickManifestFromRegistryMetadata   '1.6.0',
78 silly pickManifestFromRegistryMetadata   '1.5.3',
78 silly pickManifestFromRegistryMetadata   '1.6.1',
78 silly pickManifestFromRegistryMetadata   '1.6.2',
78 silly pickManifestFromRegistryMetadata   '1.7.0',
78 silly pickManifestFromRegistryMetadata   '1.8.0',
78 silly pickManifestFromRegistryMetadata   '1.8.1',
78 silly pickManifestFromRegistryMetadata   '1.8.2',
78 silly pickManifestFromRegistryMetadata   '1.8.3',
78 silly pickManifestFromRegistryMetadata   '1.8.4',
78 silly pickManifestFromRegistryMetadata   '1.9.0',
78 silly pickManifestFromRegistryMetadata   '2.0.0',
78 silly pickManifestFromRegistryMetadata   '2.0.1',
78 silly pickManifestFromRegistryMetadata   '2.0.2',
78 silly pickManifestFromRegistryMetadata   '2.0.3',
78 silly pickManifestFromRegistryMetadata   '2.0.4',
78 silly pickManifestFromRegistryMetadata   '2.0.5',
78 silly pickManifestFromRegistryMetadata   '2.0.6',
78 silly pickManifestFromRegistryMetadata   '2.0.7',
78 silly pickManifestFromRegistryMetadata   '2.0.8',
78 silly pickManifestFromRegistryMetadata   '2.0.9',
78 silly pickManifestFromRegistryMetadata   '2.1.0',
78 silly pickManifestFromRegistryMetadata   '2.2.0',
78 silly pickManifestFromRegistryMetadata   '2.2.1',
78 silly pickManifestFromRegistryMetadata   '2.3.0',
78 silly pickManifestFromRegistryMetadata   '2.3.1',
78 silly pickManifestFromRegistryMetadata   '2.3.2',
78 silly pickManifestFromRegistryMetadata   '2.3.3',
78 silly pickManifestFromRegistryMetadata   '2.3.4',
78 silly pickManifestFromRegistryMetadata   '2.3.5',
78 silly pickManifestFromRegistryMetadata   '2.4.0',
78 silly pickManifestFromRegistryMetadata   '2.5.0',
78 silly pickManifestFromRegistryMetadata   '2.5.1' ]
79 silly resolveWithNewModule nan@2.5.1 checking installable status
80 silly cache add args [ 'nan@^2.4.0', null ]
81 verbose cache add spec nan@^2.4.0
82 silly cache add parsed spec Result {
82 silly cache add   raw: 'nan@^2.4.0',
82 silly cache add   scope: null,
82 silly cache add   escapedName: 'nan',
82 silly cache add   name: 'nan',
82 silly cache add   rawSpec: '^2.4.0',
82 silly cache add   spec: '>=2.4.0 <3.0.0',
82 silly cache add   type: 'range' }
83 silly addNamed nan@>=2.4.0 <3.0.0
84 verbose addNamed ">=2.4.0 <3.0.0" is a valid semver range for nan
85 silly addNameRange { name: 'nan', range: '>=2.4.0 <3.0.0', hasData: false }
86 silly mapToRegistry name nan
87 silly mapToRegistry using default registry
88 silly mapToRegistry registry https://registry.npmjs.org/
89 silly mapToRegistry data Result {
89 silly mapToRegistry   raw: 'nan',
89 silly mapToRegistry   scope: null,
89 silly mapToRegistry   escapedName: 'nan',
89 silly mapToRegistry   name: 'nan',
89 silly mapToRegistry   rawSpec: '',
89 silly mapToRegistry   spec: 'latest',
89 silly mapToRegistry   type: 'tag' }
90 silly mapToRegistry uri https://registry.npmjs.org/nan
91 verbose addNameRange registry:https://registry.npmjs.org/nan not in flight; fetching
92 verbose get https://registry.npmjs.org/nan not expired, no request
93 silly addNameRange number 2 { name: 'nan', range: '>=2.4.0 <3.0.0', hasData: true }
94 silly addNameRange versions [ 'nan',
94 silly addNameRange   [ '0.3.0-wip',
94 silly addNameRange     '0.3.0-wip2',
94 silly addNameRange     '0.3.0',
94 silly addNameRange     '0.3.1',
94 silly addNameRange     '0.3.2',
94 silly addNameRange     '0.4.0',
94 silly addNameRange     '0.4.1',
94 silly addNameRange     '0.4.2',
94 silly addNameRange     '0.4.3',
94 silly addNameRange     '0.4.4',
94 silly addNameRange     '0.5.0',
94 silly addNameRange     '0.5.1',
94 silly addNameRange     '0.5.2',
94 silly addNameRange     '0.6.0',
94 silly addNameRange     '0.7.0',
94 silly addNameRange     '0.7.1',
94 silly addNameRange     '0.8.0',
94 silly addNameRange     '1.0.0',
94 silly addNameRange     '1.1.0',
94 silly addNameRange     '1.1.1',
94 silly addNameRange     '1.1.2',
94 silly addNameRange     '1.2.0',
94 silly addNameRange     '1.3.0',
94 silly addNameRange     '1.4.0',
94 silly addNameRange     '1.4.1',
94 silly addNameRange     '1.5.0',
94 silly addNameRange     '1.4.2',
94 silly addNameRange     '1.4.3',
94 silly addNameRange     '1.5.1',
94 silly addNameRange     '1.5.2',
94 silly addNameRange     '1.6.0',
94 silly addNameRange     '1.5.3',
94 silly addNameRange     '1.6.1',
94 silly addNameRange     '1.6.2',
94 silly addNameRange     '1.7.0',
94 silly addNameRange     '1.8.0',
94 silly addNameRange     '1.8.1',
94 silly addNameRange     '1.8.2',
94 silly addNameRange     '1.8.3',
94 silly addNameRange     '1.8.4',
94 silly addNameRange     '1.9.0',
94 silly addNameRange     '2.0.0',
94 silly addNameRange     '2.0.1',
94 silly addNameRange     '2.0.2',
94 silly addNameRange     '2.0.3',
94 silly addNameRange     '2.0.4',
94 silly addNameRange     '2.0.5',
94 silly addNameRange     '2.0.6',
94 silly addNameRange     '2.0.7',
94 silly addNameRange     '2.0.8',
94 silly addNameRange     '2.0.9',
94 silly addNameRange     '2.1.0',
94 silly addNameRange     '2.2.0',
94 silly addNameRange     '2.2.1',
94 silly addNameRange     '2.3.0',
94 silly addNameRange     '2.3.1',
94 silly addNameRange     '2.3.2',
94 silly addNameRange     '2.3.3',
94 silly addNameRange     '2.3.4',
94 silly addNameRange     '2.3.5',
94 silly addNameRange     '2.4.0',
94 silly addNameRange     '2.5.0',
94 silly addNameRange     '2.5.1' ] ]
95 silly pickManifestFromRegistryMetadata spec >=2.4.0 <3.0.0 tag latest versions [ '0.3.0-wip',
95 silly pickManifestFromRegistryMetadata   '0.3.0-wip2',
95 silly pickManifestFromRegistryMetadata   '0.3.0',
95 silly pickManifestFromRegistryMetadata   '0.3.1',
95 silly pickManifestFromRegistryMetadata   '0.3.2',
95 silly pickManifestFromRegistryMetadata   '0.4.0',
95 silly pickManifestFromRegistryMetadata   '0.4.1',
95 silly pickManifestFromRegistryMetadata   '0.4.2',
95 silly pickManifestFromRegistryMetadata   '0.4.3',
95 silly pickManifestFromRegistryMetadata   '0.4.4',
95 silly pickManifestFromRegistryMetadata   '0.5.0',
95 silly pickManifestFromRegistryMetadata   '0.5.1',
95 silly pickManifestFromRegistryMetadata   '0.5.2',
95 silly pickManifestFromRegistryMetadata   '0.6.0',
95 silly pickManifestFromRegistryMetadata   '0.7.0',
95 silly pickManifestFromRegistryMetadata   '0.7.1',
95 silly pickManifestFromRegistryMetadata   '0.8.0',
95 silly pickManifestFromRegistryMetadata   '1.0.0',
95 silly pickManifestFromRegistryMetadata   '1.1.0',
95 silly pickManifestFromRegistryMetadata   '1.1.1',
95 silly pickManifestFromRegistryMetadata   '1.1.2',
95 silly pickManifestFromRegistryMetadata   '1.2.0',
95 silly pickManifestFromRegistryMetadata   '1.3.0',
95 silly pickManifestFromRegistryMetadata   '1.4.0',
95 silly pickManifestFromRegistryMetadata   '1.4.1',
95 silly pickManifestFromRegistryMetadata   '1.5.0',
95 silly pickManifestFromRegistryMetadata   '1.4.2',
95 silly pickManifestFromRegistryMetadata   '1.4.3',
95 silly pickManifestFromRegistryMetadata   '1.5.1',
95 silly pickManifestFromRegistryMetadata   '1.5.2',
95 silly pickManifestFromRegistryMetadata   '1.6.0',
95 silly pickManifestFromRegistryMetadata   '1.5.3',
95 silly pickManifestFromRegistryMetadata   '1.6.1',
95 silly pickManifestFromRegistryMetadata   '1.6.2',
95 silly pickManifestFromRegistryMetadata   '1.7.0',
95 silly pickManifestFromRegistryMetadata   '1.8.0',
95 silly pickManifestFromRegistryMetadata   '1.8.1',
95 silly pickManifestFromRegistryMetadata   '1.8.2',
95 silly pickManifestFromRegistryMetadata   '1.8.3',
95 silly pickManifestFromRegistryMetadata   '1.8.4',
95 silly pickManifestFromRegistryMetadata   '1.9.0',
95 silly pickManifestFromRegistryMetadata   '2.0.0',
95 silly pickManifestFromRegistryMetadata   '2.0.1',
95 silly pickManifestFromRegistryMetadata   '2.0.2',
95 silly pickManifestFromRegistryMetadata   '2.0.3',
95 silly pickManifestFromRegistryMetadata   '2.0.4',
95 silly pickManifestFromRegistryMetadata   '2.0.5',
95 silly pickManifestFromRegistryMetadata   '2.0.6',
95 silly pickManifestFromRegistryMetadata   '2.0.7',
95 silly pickManifestFromRegistryMetadata   '2.0.8',
95 silly pickManifestFromRegistryMetadata   '2.0.9',
95 silly pickManifestFromRegistryMetadata   '2.1.0',
95 silly pickManifestFromRegistryMetadata   '2.2.0',
95 silly pickManifestFromRegistryMetadata   '2.2.1',
95 silly pickManifestFromRegistryMetadata   '2.3.0',
95 silly pickManifestFromRegistryMetadata   '2.3.1',
95 silly pickManifestFromRegistryMetadata   '2.3.2',
95 silly pickManifestFromRegistryMetadata   '2.3.3',
95 silly pickManifestFromRegistryMetadata   '2.3.4',
95 silly pickManifestFromRegistryMetadata   '2.3.5',
95 silly pickManifestFromRegistryMetadata   '2.4.0',
95 silly pickManifestFromRegistryMetadata   '2.5.0',
95 silly pickManifestFromRegistryMetadata   '2.5.1' ]
96 silly addNamed nan@latest
97 verbose addNamed "latest" is being treated as a dist-tag for nan
98 info addNameTag [ 'nan', 'latest' ]
99 silly mapToRegistry name nan
100 silly mapToRegistry using default registry
101 silly mapToRegistry registry https://registry.npmjs.org/
102 silly mapToRegistry data Result {
102 silly mapToRegistry   raw: 'nan',
102 silly mapToRegistry   scope: null,
102 silly mapToRegistry   escapedName: 'nan',
102 silly mapToRegistry   name: 'nan',
102 silly mapToRegistry   rawSpec: '',
102 silly mapToRegistry   spec: 'latest',
102 silly mapToRegistry   type: 'tag' }
103 silly mapToRegistry uri https://registry.npmjs.org/nan
104 verbose addNameTag registry:https://registry.npmjs.org/nan already in flight; waiting
105 silly addNameTag next cb for nan with tag latest
106 silly addNamed nan@2.5.1
107 verbose addNamed "2.5.1" is a plain semver version for nan
108 silly cache afterAdd nan@2.5.1
109 verbose afterAdd /root/.npm/nan/2.5.1/package/package.json not in flight; writing
110 verbose correctMkdir /root/.npm correctMkdir not in flight; initializing
111 verbose afterAdd /root/.npm/nan/2.5.1/package/package.json written
112 silly fetchNamedPackageData fsevents
113 silly mapToRegistry name fsevents
114 silly mapToRegistry using default registry
115 silly mapToRegistry registry https://registry.npmjs.org/
116 silly mapToRegistry data Result {
116 silly mapToRegistry   raw: 'fsevents',
116 silly mapToRegistry   scope: null,
116 silly mapToRegistry   escapedName: 'fsevents',
116 silly mapToRegistry   name: 'fsevents',
116 silly mapToRegistry   rawSpec: '',
116 silly mapToRegistry   spec: 'latest',
116 silly mapToRegistry   type: 'tag' }
117 silly mapToRegistry uri https://registry.npmjs.org/fsevents
118 verbose request uri https://registry.npmjs.org/fsevents
119 verbose request no auth needed
120 info attempt registry request try #1 at 12:16:05
121 verbose etag W/"58bf83a2-d5d4"
122 verbose lastModified Wed, 08 Mar 2017 04:08:02 GMT
123 http request GET https://registry.npmjs.org/fsevents
124 http 304 https://registry.npmjs.org/fsevents
125 verbose headers { date: 'Sat, 11 Mar 2017 11:16:05 GMT',
125 verbose headers   via: '1.1 varnish',
125 verbose headers   'cache-control': 'max-age=300',
125 verbose headers   etag: 'W/"58bf83a2-d5d4"',
125 verbose headers   age: '27',
125 verbose headers   connection: 'keep-alive',
125 verbose headers   'x-served-by': 'cache-fra1238-FRA',
125 verbose headers   'x-cache': 'HIT',
125 verbose headers   'x-cache-hits': '1',
125 verbose headers   'x-timer': 'S1489230965.951463,VS0,VE0',
125 verbose headers   vary: 'Accept-Encoding' }
126 silly get cb [ 304,
126 silly get   { date: 'Sat, 11 Mar 2017 11:16:05 GMT',
126 silly get     via: '1.1 varnish',
126 silly get     'cache-control': 'max-age=300',
126 silly get     etag: 'W/"58bf83a2-d5d4"',
126 silly get     age: '27',
126 silly get     connection: 'keep-alive',
126 silly get     'x-served-by': 'cache-fra1238-FRA',
126 silly get     'x-cache': 'HIT',
126 silly get     'x-cache-hits': '1',
126 silly get     'x-timer': 'S1489230965.951463,VS0,VE0',
126 silly get     vary: 'Accept-Encoding' } ]
127 verbose etag https://registry.npmjs.org/fsevents from cache
128 verbose get saving fsevents to /root/.npm/registry.npmjs.org/fsevents/.cache.json
129 verbose correctMkdir /root/.npm correctMkdir not in flight; initializing
130 silly pickManifestFromRegistryMetadata spec >=1.0.0 <2.0.0 tag latest versions [ '0.1.1',
130 silly pickManifestFromRegistryMetadata   '0.1.3',
130 silly pickManifestFromRegistryMetadata   '0.1.4',
130 silly pickManifestFromRegistryMetadata   '0.1.5',
130 silly pickManifestFromRegistryMetadata   '0.1.6',
130 silly pickManifestFromRegistryMetadata   '0.2.0',
130 silly pickManifestFromRegistryMetadata   '0.3.0',
130 silly pickManifestFromRegistryMetadata   '0.3.1',
130 silly pickManifestFromRegistryMetadata   '0.3.2',
130 silly pickManifestFromRegistryMetadata   '0.3.3',
130 silly pickManifestFromRegistryMetadata   '0.3.4',
130 silly pickManifestFromRegistryMetadata   '0.3.5',
130 silly pickManifestFromRegistryMetadata   '0.3.6',
130 silly pickManifestFromRegistryMetadata   '0.3.7',
130 silly pickManifestFromRegistryMetadata   '0.3.8',
130 silly pickManifestFromRegistryMetadata   '1.0.0',
130 silly pickManifestFromRegistryMetadata   '1.0.1',
130 silly pickManifestFromRegistryMetadata   '1.0.2',
130 silly pickManifestFromRegistryMetadata   '1.0.3',
130 silly pickManifestFromRegistryMetadata   '1.0.4',
130 silly pickManifestFromRegistryMetadata   '1.0.5',
130 silly pickManifestFromRegistryMetadata   '1.0.6',
130 silly pickManifestFromRegistryMetadata   '1.0.7',
130 silly pickManifestFromRegistryMetadata   '1.0.8',
130 silly pickManifestFromRegistryMetadata   '1.0.9',
130 silly pickManifestFromRegistryMetadata   '1.0.10',
130 silly pickManifestFromRegistryMetadata   '1.0.11',
130 silly pickManifestFromRegistryMetadata   '1.0.12',
130 silly pickManifestFromRegistryMetadata   '1.0.14',
130 silly pickManifestFromRegistryMetadata   '1.0.15',
130 silly pickManifestFromRegistryMetadata   '1.0.17',
130 silly pickManifestFromRegistryMetadata   '1.0.18-0',
130 silly pickManifestFromRegistryMetadata   '1.1.0',
130 silly pickManifestFromRegistryMetadata   '1.1.1' ]
131 silly resolveWithNewModule fsevents@1.1.1 checking installable status
132 silly loadAllDepsIntoIdealTree Finishing
133 silly loadIdealTree Finishing
134 silly currentTree Pregled-meritev@
134 silly currentTree ├── abbrev@1.1.0
134 silly currentTree ├── accepts@1.3.3
134 silly currentTree ├── after@0.8.2
134 silly currentTree ├── ansi-regex@2.1.1
134 silly currentTree ├── ansi-styles@2.2.1
134 silly currentTree ├── anymatch@1.3.0
134 silly currentTree ├── arr-diff@2.0.0
134 silly currentTree ├── arr-flatten@1.0.1
134 silly currentTree ├── array-flatten@1.1.1
134 silly currentTree ├── array-unique@0.2.1
134 silly currentTree ├── arraybuffer.slice@0.0.6
134 silly currentTree ├── arrify@1.0.1
134 silly currentTree ├── async-each@1.0.1
134 silly currentTree ├── async@0.2.10
134 silly currentTree ├── backo2@1.0.2
134 silly currentTree ├── balanced-match@0.4.2
134 silly currentTree ├── base64-arraybuffer@0.1.5
134 silly currentTree ├── base64id@1.0.0
134 silly currentTree ├── better-assert@1.0.2
134 silly currentTree ├── bignumber.js@3.1.2
134 silly currentTree ├── binary-extensions@1.8.0
134 silly currentTree ├── blob@0.0.4
134 silly currentTree ├── body-parser@1.17.1
134 silly currentTree ├── brace-expansion@1.1.6
134 silly currentTree ├── braces@1.8.5
134 silly currentTree ├─┬ broadway@0.3.6
134 silly currentTree │ ├── cliff@0.1.9
134 silly currentTree │ └── winston@0.8.0
134 silly currentTree ├── buffer-shims@1.0.0
134 silly currentTree ├── bytes@2.4.0
134 silly currentTree ├── caller@0.0.1
134 silly currentTree ├── callsite@1.0.0
134 silly currentTree ├── chalk@1.1.3
134 silly currentTree ├── chokidar@1.6.1
134 silly currentTree ├─┬ cliff@0.1.10
134 silly currentTree │ └── colors@1.0.3
134 silly currentTree ├── clone@1.0.2
134 silly currentTree ├── colors@0.6.2
134 silly currentTree ├── component-bind@1.0.0
134 silly currentTree ├── component-emitter@1.1.2
134 silly currentTree ├── component-inherit@0.0.3
134 silly currentTree ├── concat-map@0.0.1
134 silly currentTree ├─┬ configstore@1.4.0
134 silly currentTree │ └── object-assign@4.1.1
134 silly currentTree ├── connect-redis@3.2.0
134 silly currentTree ├── content-disposition@0.5.2
134 silly currentTree ├── content-type@1.0.2
134 silly currentTree ├── cookie-signature@1.0.6
134 silly currentTree ├── cookie@0.3.1
134 silly currentTree ├── core-util-is@1.0.2
134 silly currentTree ├── crc@3.4.4
134 silly currentTree ├── cycle@1.0.3
134 silly currentTree ├── debug@2.6.1
134 silly currentTree ├── deep-equal@1.0.1
134 silly currentTree ├── deep-extend@0.4.1
134 silly currentTree ├── defined@0.0.0
134 silly currentTree ├── depd@1.1.0
134 silly currentTree ├── destroy@1.0.4
134 silly currentTree ├── director@1.2.7
134 silly currentTree ├── double-ended-queue@2.1.0-0
134 silly currentTree ├── duplexer@0.1.1
134 silly currentTree ├── duplexify@3.5.0
134 silly currentTree ├── ee-first@1.1.1
134 silly currentTree ├── encodeurl@1.0.1
134 silly currentTree ├─┬ end-of-stream@1.0.0
134 silly currentTree │ └── once@1.3.3
134 silly currentTree ├─┬ engine.io-client@1.8.3
134 silly currentTree │ ├── component-emitter@1.2.1
134 silly currentTree │ └── debug@2.3.3
134 silly currentTree ├── engine.io-parser@1.3.2
134 silly currentTree ├─┬ engine.io@1.8.3
134 silly currentTree │ └── debug@2.3.3
134 silly currentTree ├── es6-promise@3.3.1
134 silly currentTree ├── escape-html@1.0.3
134 silly currentTree ├── escape-string-regexp@1.0.5
134 silly currentTree ├── etag@1.8.0
134 silly currentTree ├─┬ event-stream@0.5.3
134 silly currentTree │ └── optimist@0.2.8
134 silly currentTree ├── eventemitter2@0.4.14
134 silly currentTree ├── expand-brackets@0.1.5
134 silly currentTree ├── expand-range@1.8.2
134 silly currentTree ├── express-session@1.15.1
134 silly currentTree ├── express@4.15.2
134 silly currentTree ├── extglob@0.3.2
134 silly currentTree ├── eyes@0.1.8
134 silly currentTree ├── filename-regex@2.0.0
134 silly currentTree ├── fill-range@2.2.3
134 silly currentTree ├── finalhandler@1.0.0
134 silly currentTree ├─┬ flatiron@0.4.3
134 silly currentTree │ └── optimist@0.6.0
134 silly currentTree ├── for-in@1.0.2
134 silly currentTree ├── for-own@0.1.5
134 silly currentTree ├── forever-monitor@1.7.1
134 silly currentTree ├── forever@0.15.3
134 silly currentTree ├── formidable@1.1.1
134 silly currentTree ├── forwarded@0.1.0
134 silly currentTree ├── fresh@0.5.0
134 silly currentTree ├── from@0.1.3
134 silly currentTree ├── fs.realpath@1.0.0
134 silly currentTree ├── fs@0.0.1-security
134 silly currentTree ├── glob-base@0.3.0
134 silly currentTree ├── glob-parent@2.0.0
134 silly currentTree ├── glob@7.1.1
134 silly currentTree ├── got@3.3.1
134 silly currentTree ├── graceful-fs@4.1.11
134 silly currentTree ├── has-ansi@2.0.0
134 silly currentTree ├─┬ has-binary@0.1.7
134 silly currentTree │ └── isarray@0.0.1
134 silly currentTree ├── has-cors@1.1.0
134 silly currentTree ├── http-errors@1.6.1
134 silly currentTree ├── http@0.0.0
134 silly currentTree ├── https@1.0.0
134 silly currentTree ├── i@0.3.5
134 silly currentTree ├── iconv-lite@0.4.15
134 silly currentTree ├── ignore-by-default@1.0.1
134 silly currentTree ├── imurmurhash@0.1.4
134 silly currentTree ├── indexof@0.0.1
134 silly currentTree ├── infinity-agent@2.0.3
134 silly currentTree ├── inflight@1.0.6
134 silly currentTree ├── inherits@2.0.3
134 silly currentTree ├── ini@1.3.4
134 silly currentTree ├── ipaddr.js@1.2.0
134 silly currentTree ├── is-binary-path@1.0.1
134 silly currentTree ├── is-buffer@1.1.5
134 silly currentTree ├── is-dotfile@1.0.2
134 silly currentTree ├── is-equal-shallow@0.1.3
134 silly currentTree ├── is-extendable@0.1.1
134 silly currentTree ├── is-extglob@1.0.0
134 silly currentTree ├── is-finite@1.0.2
134 silly currentTree ├── is-glob@2.0.1
134 silly currentTree ├── is-npm@1.0.0
134 silly currentTree ├── is-number@2.1.0
134 silly currentTree ├── is-posix-bracket@0.1.1
134 silly currentTree ├── is-primitive@2.0.0
134 silly currentTree ├── is-redirect@1.0.0
134 silly currentTree ├── is-stream@1.1.0
134 silly currentTree ├── isarray@1.0.0
134 silly currentTree ├── isobject@2.1.0
134 silly currentTree ├── isstream@0.1.2
134 silly currentTree ├── json3@3.3.2
134 silly currentTree ├── jsonify@0.0.0
134 silly currentTree ├── kind-of@3.1.0
134 silly currentTree ├── latest-version@1.0.1
134 silly currentTree ├── lazy@1.0.11
134 silly currentTree ├── lodash._baseassign@3.2.0
134 silly currentTree ├── lodash._basecopy@3.0.1
134 silly currentTree ├── lodash._bindcallback@3.0.1
134 silly currentTree ├── lodash._createassigner@3.1.1
134 silly currentTree ├── lodash._getnative@3.9.1
134 silly currentTree ├── lodash._isiterateecall@3.0.9
134 silly currentTree ├── lodash.assign@3.2.0
134 silly currentTree ├── lodash.defaults@3.1.2
134 silly currentTree ├── lodash.isarguments@3.1.0
134 silly currentTree ├── lodash.isarray@3.0.4
134 silly currentTree ├── lodash.keys@3.1.2
134 silly currentTree ├── lodash.restparam@3.6.1
134 silly currentTree ├── lowercase-keys@1.0.0
134 silly currentTree ├── map-stream@0.1.0
134 silly currentTree ├── media-typer@0.3.0
134 silly currentTree ├── merge-descriptors@1.0.1
134 silly currentTree ├── methods@1.1.2
134 silly currentTree ├── micromatch@2.3.11
134 silly currentTree ├── mime-db@1.26.0
134 silly currentTree ├── mime-types@2.1.14
134 silly currentTree ├── mime@1.3.4
134 silly currentTree ├── minimatch@3.0.3
134 silly currentTree ├── minimist@0.0.10
134 silly currentTree ├─┬ mkdirp@0.5.1
134 silly currentTree │ └── minimist@0.0.8
134 silly currentTree ├── ms@0.7.2
134 silly currentTree ├── mute-stream@0.0.7
134 silly currentTree ├─┬ mysql@2.13.0
134 silly currentTree │ ├── isarray@0.0.1
134 silly currentTree │ └── readable-stream@1.1.14
134 silly currentTree ├─┬ nconf@0.6.9
134 silly currentTree │ ├── async@0.2.9
134 silly currentTree │ └── optimist@0.6.0
134 silly currentTree ├── ncp@0.4.2
134 silly currentTree ├── negotiator@0.6.1
134 silly currentTree ├── nested-error-stacks@1.0.2
134 silly currentTree ├── nodemailer@3.1.5
134 silly currentTree ├─┬ nodemon@1.11.0
134 silly currentTree │ ├── event-stream@3.3.4
134 silly currentTree │ └── ps-tree@1.1.0
134 silly currentTree ├── nopt@1.0.10
134 silly currentTree ├── normalize-path@2.0.1
134 silly currentTree ├── nssocket@0.5.3
134 silly currentTree ├── number-is-nan@1.0.1
134 silly currentTree ├── object-assign@3.0.0
134 silly currentTree ├── object-component@0.0.3
134 silly currentTree ├── object.omit@2.0.1
134 silly currentTree ├── on-finished@2.3.0
134 silly currentTree ├── on-headers@1.0.1
134 silly currentTree ├── once@1.4.0
134 silly currentTree ├── optimist@0.6.1
134 silly currentTree ├── options@0.0.6
134 silly currentTree ├── os-homedir@1.0.2
134 silly currentTree ├── os-tmpdir@1.0.2
134 silly currentTree ├── osenv@0.1.4
134 silly currentTree ├── package-json@1.2.0
134 silly currentTree ├── parse-glob@3.0.4
134 silly currentTree ├── parsejson@0.0.3
134 silly currentTree ├── parseqs@0.0.5
134 silly currentTree ├── parseuri@0.0.5
134 silly currentTree ├── parseurl@1.3.1
134 silly currentTree ├── path-is-absolute@1.0.1
134 silly currentTree ├── path-to-regexp@0.1.7
134 silly currentTree ├── pause-stream@0.0.11
134 silly currentTree ├── pinkie-promise@2.0.1
134 silly currentTree ├── pinkie@2.0.4
134 silly currentTree ├── pkginfo@0.3.1
134 silly currentTree ├── prepend-http@1.0.4
134 silly currentTree ├── preserve@0.2.0
134 silly currentTree ├─┬ prettyjson@1.2.1
134 silly currentTree │ ├── colors@1.1.2
134 silly currentTree │ └── minimist@1.2.0
134 silly currentTree ├── process-nextick-args@1.0.7
134 silly currentTree ├── prompt@0.2.14
134 silly currentTree ├── proxy-addr@1.1.3
134 silly currentTree ├── ps-tree@0.0.3
134 silly currentTree ├── qs@6.4.0
134 silly currentTree ├── random-bytes@1.0.0
134 silly currentTree ├── randomatic@1.1.6
134 silly currentTree ├── range-parser@1.2.0
134 silly currentTree ├── raw-body@2.2.0
134 silly currentTree ├─┬ rc@1.1.7
134 silly currentTree │ ├── minimist@1.2.0
134 silly currentTree │ └── strip-json-comments@2.0.1
134 silly currentTree ├── read-all-stream@3.1.0
134 silly currentTree ├── read@1.0.7
134 silly currentTree ├── readable-stream@2.2.3
134 silly currentTree ├── readdirp@2.1.0
134 silly currentTree ├── redis-commands@1.3.1
134 silly currentTree ├── redis-parser@2.4.0
134 silly currentTree ├── redis@2.6.5
134 silly currentTree ├── regex-cache@0.4.3
134 silly currentTree ├── registry-url@3.1.0
134 silly currentTree ├── repeat-element@1.1.2
134 silly currentTree ├── repeat-string@1.6.1
134 silly currentTree ├── repeating@1.1.3
134 silly currentTree ├── resumer@0.0.0
134 silly currentTree ├── revalidator@0.1.8
134 silly currentTree ├── rimraf@2.6.1
134 silly currentTree ├── semver-diff@2.1.0
134 silly currentTree ├── semver@5.3.0
134 silly currentTree ├── send@0.15.1
134 silly currentTree ├── serve-static@1.12.1
134 silly currentTree ├── set-immediate-shim@1.0.1
134 silly currentTree ├── setprototypeof@1.0.3
134 silly currentTree ├── shush@1.0.0
134 silly currentTree ├── slide@1.1.6
134 silly currentTree ├─┬ socket.io-adapter@0.5.0
134 silly currentTree │ └── debug@2.3.3
134 silly currentTree ├─┬ socket.io-client@1.7.3
134 silly currentTree │ ├── component-emitter@1.2.1
134 silly currentTree │ └── debug@2.3.3
134 silly currentTree ├─┬ socket.io-parser@2.3.1
134 silly currentTree │ ├── debug@2.2.0
134 silly currentTree │ ├── isarray@0.0.1
134 silly currentTree │ └── ms@0.7.1
134 silly currentTree ├─┬ socket.io@1.7.3
134 silly currentTree │ ├── debug@2.3.3
134 silly currentTree │ └── object-assign@4.1.0
134 silly currentTree ├── split@0.3.3
134 silly currentTree ├── sqlstring@2.2.0
134 silly currentTree ├── stack-trace@0.0.9
134 silly currentTree ├── statuses@1.3.1
134 silly currentTree ├── stream-combiner@0.0.4
134 silly currentTree ├── stream-shift@1.0.0
134 silly currentTree ├── string_decoder@0.10.31
134 silly currentTree ├── string-length@1.0.1
134 silly currentTree ├── strip-ansi@3.0.1
134 silly currentTree ├── strip-json-comments@0.1.3
134 silly currentTree ├── supports-color@2.0.0
134 silly currentTree ├─┬ tape@2.3.3
134 silly currentTree │ └── deep-equal@0.1.2
134 silly currentTree ├── through@2.3.8
134 silly currentTree ├── timed-out@2.0.0
134 silly currentTree ├── timespan@2.3.0
134 silly currentTree ├── to-array@0.1.4
134 silly currentTree ├── touch@1.0.0
134 silly currentTree ├── type-is@1.6.14
134 silly currentTree ├── uid-safe@2.1.4
134 silly currentTree ├── ultron@1.0.2
134 silly currentTree ├── undefsafe@0.0.3
134 silly currentTree ├── unpipe@1.0.0
134 silly currentTree ├── update-notifier@0.5.0
134 silly currentTree ├── util-deprecate@1.0.2
134 silly currentTree ├─┬ util@0.10.3
134 silly currentTree │ └── inherits@2.0.1
134 silly currentTree ├── utile@0.2.1
134 silly currentTree ├── utils-merge@1.0.0
134 silly currentTree ├── uuid@2.0.3
134 silly currentTree ├── vary@1.1.0
134 silly currentTree ├── winston@0.8.3
134 silly currentTree ├── wordwrap@0.0.3
134 silly currentTree ├── wrappy@1.0.2
134 silly currentTree ├── write-file-atomic@1.3.1
134 silly currentTree ├── ws@1.1.2
134 silly currentTree ├── wtf-8@1.0.0
134 silly currentTree ├── xdg-basedir@2.0.0
134 silly currentTree ├── xmlhttprequest-ssl@1.5.3
134 silly currentTree └── yeast@0.1.2
135 silly idealTree Pregled-meritev@
135 silly idealTree ├── abbrev@1.1.0
135 silly idealTree ├── accepts@1.3.3
135 silly idealTree ├── after@0.8.2
135 silly idealTree ├── ansi-regex@2.1.1
135 silly idealTree ├── ansi-styles@2.2.1
135 silly idealTree ├── anymatch@1.3.0
135 silly idealTree ├── arr-diff@2.0.0
135 silly idealTree ├── arr-flatten@1.0.1
135 silly idealTree ├── array-flatten@1.1.1
135 silly idealTree ├── array-unique@0.2.1
135 silly idealTree ├── arraybuffer.slice@0.0.6
135 silly idealTree ├── arrify@1.0.1
135 silly idealTree ├── async-each@1.0.1
135 silly idealTree ├── async@0.2.10
135 silly idealTree ├── backo2@1.0.2
135 silly idealTree ├── balanced-match@0.4.2
135 silly idealTree ├── base64-arraybuffer@0.1.5
135 silly idealTree ├── base64id@1.0.0
135 silly idealTree ├── better-assert@1.0.2
135 silly idealTree ├── bignumber.js@3.1.2
135 silly idealTree ├── binary-extensions@1.8.0
135 silly idealTree ├── blob@0.0.4
135 silly idealTree ├── body-parser@1.17.1
135 silly idealTree ├── brace-expansion@1.1.6
135 silly idealTree ├── braces@1.8.5
135 silly idealTree ├─┬ broadway@0.3.6
135 silly idealTree │ ├── cliff@0.1.9
135 silly idealTree │ └── winston@0.8.0
135 silly idealTree ├── buffer-shims@1.0.0
135 silly idealTree ├── bytes@2.4.0
135 silly idealTree ├── caller@0.0.1
135 silly idealTree ├── callsite@1.0.0
135 silly idealTree ├── chalk@1.1.3
135 silly idealTree ├── chokidar@1.6.1
135 silly idealTree ├─┬ cliff@0.1.10
135 silly idealTree │ └── colors@1.0.3
135 silly idealTree ├── clone@1.0.2
135 silly idealTree ├── colors@0.6.2
135 silly idealTree ├── component-bind@1.0.0
135 silly idealTree ├── component-emitter@1.1.2
135 silly idealTree ├── component-inherit@0.0.3
135 silly idealTree ├── concat-map@0.0.1
135 silly idealTree ├─┬ configstore@1.4.0
135 silly idealTree │ └── object-assign@4.1.1
135 silly idealTree ├── connect-redis@3.2.0
135 silly idealTree ├── content-disposition@0.5.2
135 silly idealTree ├── content-type@1.0.2
135 silly idealTree ├── cookie-signature@1.0.6
135 silly idealTree ├── cookie@0.3.1
135 silly idealTree ├── core-util-is@1.0.2
135 silly idealTree ├── crc@3.4.4
135 silly idealTree ├── cycle@1.0.3
135 silly idealTree ├── debug@2.6.1
135 silly idealTree ├── deep-equal@1.0.1
135 silly idealTree ├── deep-extend@0.4.1
135 silly idealTree ├── defined@0.0.0
135 silly idealTree ├── depd@1.1.0
135 silly idealTree ├── destroy@1.0.4
135 silly idealTree ├── director@1.2.7
135 silly idealTree ├── double-ended-queue@2.1.0-0
135 silly idealTree ├── duplexer@0.1.1
135 silly idealTree ├── duplexify@3.5.0
135 silly idealTree ├── ee-first@1.1.1
135 silly idealTree ├── encodeurl@1.0.1
135 silly idealTree ├─┬ end-of-stream@1.0.0
135 silly idealTree │ └── once@1.3.3
135 silly idealTree ├─┬ engine.io-client@1.8.3
135 silly idealTree │ ├── component-emitter@1.2.1
135 silly idealTree │ └── debug@2.3.3
135 silly idealTree ├── engine.io-parser@1.3.2
135 silly idealTree ├─┬ engine.io@1.8.3
135 silly idealTree │ └── debug@2.3.3
135 silly idealTree ├── es6-promise@3.3.1
135 silly idealTree ├── escape-html@1.0.3
135 silly idealTree ├── escape-string-regexp@1.0.5
135 silly idealTree ├── etag@1.8.0
135 silly idealTree ├─┬ event-stream@0.5.3
135 silly idealTree │ └── optimist@0.2.8
135 silly idealTree ├── eventemitter2@0.4.14
135 silly idealTree ├── expand-brackets@0.1.5
135 silly idealTree ├── expand-range@1.8.2
135 silly idealTree ├── express-session@1.15.1
135 silly idealTree ├── express@4.15.2
135 silly idealTree ├── extglob@0.3.2
135 silly idealTree ├── eyes@0.1.8
135 silly idealTree ├── filename-regex@2.0.0
135 silly idealTree ├── fill-range@2.2.3
135 silly idealTree ├── finalhandler@1.0.0
135 silly idealTree ├─┬ flatiron@0.4.3
135 silly idealTree │ └── optimist@0.6.0
135 silly idealTree ├── for-in@1.0.2
135 silly idealTree ├── for-own@0.1.5
135 silly idealTree ├── forever-monitor@1.7.1
135 silly idealTree ├── forever@0.15.3
135 silly idealTree ├── formidable@1.1.1
135 silly idealTree ├── forwarded@0.1.0
135 silly idealTree ├── fresh@0.5.0
135 silly idealTree ├── from@0.1.3
135 silly idealTree ├── fs.realpath@1.0.0
135 silly idealTree ├── fs@0.0.1-security
135 silly idealTree ├── glob-base@0.3.0
135 silly idealTree ├── glob-parent@2.0.0
135 silly idealTree ├── glob@7.1.1
135 silly idealTree ├── got@3.3.1
135 silly idealTree ├── graceful-fs@4.1.11
135 silly idealTree ├── has-ansi@2.0.0
135 silly idealTree ├─┬ has-binary@0.1.7
135 silly idealTree │ └── isarray@0.0.1
135 silly idealTree ├── has-cors@1.1.0
135 silly idealTree ├── http-errors@1.6.1
135 silly idealTree ├── http@0.0.0
135 silly idealTree ├── https@1.0.0
135 silly idealTree ├── i@0.3.5
135 silly idealTree ├── iconv-lite@0.4.15
135 silly idealTree ├── ignore-by-default@1.0.1
135 silly idealTree ├── imurmurhash@0.1.4
135 silly idealTree ├── indexof@0.0.1
135 silly idealTree ├── infinity-agent@2.0.3
135 silly idealTree ├── inflight@1.0.6
135 silly idealTree ├── inherits@2.0.3
135 silly idealTree ├── ini@1.3.4
135 silly idealTree ├── ipaddr.js@1.2.0
135 silly idealTree ├── is-binary-path@1.0.1
135 silly idealTree ├── is-buffer@1.1.5
135 silly idealTree ├── is-dotfile@1.0.2
135 silly idealTree ├── is-equal-shallow@0.1.3
135 silly idealTree ├── is-extendable@0.1.1
135 silly idealTree ├── is-extglob@1.0.0
135 silly idealTree ├── is-finite@1.0.2
135 silly idealTree ├── is-glob@2.0.1
135 silly idealTree ├── is-npm@1.0.0
135 silly idealTree ├── is-number@2.1.0
135 silly idealTree ├── is-posix-bracket@0.1.1
135 silly idealTree ├── is-primitive@2.0.0
135 silly idealTree ├── is-redirect@1.0.0
135 silly idealTree ├── is-stream@1.1.0
135 silly idealTree ├── isarray@1.0.0
135 silly idealTree ├── isobject@2.1.0
135 silly idealTree ├── isstream@0.1.2
135 silly idealTree ├── json3@3.3.2
135 silly idealTree ├── jsonify@0.0.0
135 silly idealTree ├── kind-of@3.1.0
135 silly idealTree ├── latest-version@1.0.1
135 silly idealTree ├── lazy@1.0.11
135 silly idealTree ├── lodash._baseassign@3.2.0
135 silly idealTree ├── lodash._basecopy@3.0.1
135 silly idealTree ├── lodash._bindcallback@3.0.1
135 silly idealTree ├── lodash._createassigner@3.1.1
135 silly idealTree ├── lodash._getnative@3.9.1
135 silly idealTree ├── lodash._isiterateecall@3.0.9
135 silly idealTree ├── lodash.assign@3.2.0
135 silly idealTree ├── lodash.defaults@3.1.2
135 silly idealTree ├── lodash.isarguments@3.1.0
135 silly idealTree ├── lodash.isarray@3.0.4
135 silly idealTree ├── lodash.keys@3.1.2
135 silly idealTree ├── lodash.restparam@3.6.1
135 silly idealTree ├── lowercase-keys@1.0.0
135 silly idealTree ├── map-stream@0.1.0
135 silly idealTree ├── media-typer@0.3.0
135 silly idealTree ├── merge-descriptors@1.0.1
135 silly idealTree ├── methods@1.1.2
135 silly idealTree ├── micromatch@2.3.11
135 silly idealTree ├── mime-db@1.26.0
135 silly idealTree ├── mime-types@2.1.14
135 silly idealTree ├── mime@1.3.4
135 silly idealTree ├── minimatch@3.0.3
135 silly idealTree ├── minimist@0.0.10
135 silly idealTree ├─┬ mkdirp@0.5.1
135 silly idealTree │ └── minimist@0.0.8
135 silly idealTree ├── ms@0.7.2
135 silly idealTree ├── mute-stream@0.0.7
135 silly idealTree ├─┬ mysql@2.13.0
135 silly idealTree │ ├── isarray@0.0.1
135 silly idealTree │ └── readable-stream@1.1.14
135 silly idealTree ├── nan@2.5.1
135 silly idealTree ├─┬ nconf@0.6.9
135 silly idealTree │ ├── async@0.2.9
135 silly idealTree │ └── optimist@0.6.0
135 silly idealTree ├── ncp@0.4.2
135 silly idealTree ├── negotiator@0.6.1
135 silly idealTree ├── nested-error-stacks@1.0.2
135 silly idealTree ├── node-dht-sensor@0.0.32
135 silly idealTree ├── nodemailer@3.1.5
135 silly idealTree ├─┬ nodemon@1.11.0
135 silly idealTree │ ├── event-stream@3.3.4
135 silly idealTree │ └── ps-tree@1.1.0
135 silly idealTree ├── nopt@1.0.10
135 silly idealTree ├── normalize-path@2.0.1
135 silly idealTree ├── nssocket@0.5.3
135 silly idealTree ├── number-is-nan@1.0.1
135 silly idealTree ├── object-assign@3.0.0
135 silly idealTree ├── object-component@0.0.3
135 silly idealTree ├── object.omit@2.0.1
135 silly idealTree ├── on-finished@2.3.0
135 silly idealTree ├── on-headers@1.0.1
135 silly idealTree ├── once@1.4.0
135 silly idealTree ├── optimist@0.6.1
135 silly idealTree ├── options@0.0.6
135 silly idealTree ├── os-homedir@1.0.2
135 silly idealTree ├── os-tmpdir@1.0.2
135 silly idealTree ├── osenv@0.1.4
135 silly idealTree ├── package-json@1.2.0
135 silly idealTree ├── parse-glob@3.0.4
135 silly idealTree ├── parsejson@0.0.3
135 silly idealTree ├── parseqs@0.0.5
135 silly idealTree ├── parseuri@0.0.5
135 silly idealTree ├── parseurl@1.3.1
135 silly idealTree ├── path-is-absolute@1.0.1
135 silly idealTree ├── path-to-regexp@0.1.7
135 silly idealTree ├── pause-stream@0.0.11
135 silly idealTree ├── pinkie-promise@2.0.1
135 silly idealTree ├── pinkie@2.0.4
135 silly idealTree ├── pkginfo@0.3.1
135 silly idealTree ├── prepend-http@1.0.4
135 silly idealTree ├── preserve@0.2.0
135 silly idealTree ├─┬ prettyjson@1.2.1
135 silly idealTree │ ├── colors@1.1.2
135 silly idealTree │ └── minimist@1.2.0
135 silly idealTree ├── process-nextick-args@1.0.7
135 silly idealTree ├── prompt@0.2.14
135 silly idealTree ├── proxy-addr@1.1.3
135 silly idealTree ├── ps-tree@0.0.3
135 silly idealTree ├── qs@6.4.0
135 silly idealTree ├── random-bytes@1.0.0
135 silly idealTree ├── randomatic@1.1.6
135 silly idealTree ├── range-parser@1.2.0
135 silly idealTree ├── raw-body@2.2.0
135 silly idealTree ├─┬ rc@1.1.7
135 silly idealTree │ ├── minimist@1.2.0
135 silly idealTree │ └── strip-json-comments@2.0.1
135 silly idealTree ├── read-all-stream@3.1.0
135 silly idealTree ├── read@1.0.7
135 silly idealTree ├── readable-stream@2.2.3
135 silly idealTree ├── readdirp@2.1.0
135 silly idealTree ├── redis-commands@1.3.1
135 silly idealTree ├── redis-parser@2.4.0
135 silly idealTree ├── redis@2.6.5
135 silly idealTree ├── regex-cache@0.4.3
135 silly idealTree ├── registry-url@3.1.0
135 silly idealTree ├── repeat-element@1.1.2
135 silly idealTree ├── repeat-string@1.6.1
135 silly idealTree ├── repeating@1.1.3
135 silly idealTree ├── resumer@0.0.0
135 silly idealTree ├── revalidator@0.1.8
135 silly idealTree ├── rimraf@2.6.1
135 silly idealTree ├── semver-diff@2.1.0
135 silly idealTree ├── semver@5.3.0
135 silly idealTree ├── send@0.15.1
135 silly idealTree ├── serve-static@1.12.1
135 silly idealTree ├── set-immediate-shim@1.0.1
135 silly idealTree ├── setprototypeof@1.0.3
135 silly idealTree ├── shush@1.0.0
135 silly idealTree ├── slide@1.1.6
135 silly idealTree ├─┬ socket.io-adapter@0.5.0
135 silly idealTree │ └── debug@2.3.3
135 silly idealTree ├─┬ socket.io-client@1.7.3
135 silly idealTree │ ├── component-emitter@1.2.1
135 silly idealTree │ └── debug@2.3.3
135 silly idealTree ├─┬ socket.io-parser@2.3.1
135 silly idealTree │ ├── debug@2.2.0
135 silly idealTree │ ├── isarray@0.0.1
135 silly idealTree │ └── ms@0.7.1
135 silly idealTree ├─┬ socket.io@1.7.3
135 silly idealTree │ ├── debug@2.3.3
135 silly idealTree │ └── object-assign@4.1.0
135 silly idealTree ├── split@0.3.3
135 silly idealTree ├── sqlstring@2.2.0
135 silly idealTree ├── stack-trace@0.0.9
135 silly idealTree ├── statuses@1.3.1
135 silly idealTree ├── stream-combiner@0.0.4
135 silly idealTree ├── stream-shift@1.0.0
135 silly idealTree ├── string_decoder@0.10.31
135 silly idealTree ├── string-length@1.0.1
135 silly idealTree ├── strip-ansi@3.0.1
135 silly idealTree ├── strip-json-comments@0.1.3
135 silly idealTree ├── supports-color@2.0.0
135 silly idealTree ├─┬ tape@2.3.3
135 silly idealTree │ └── deep-equal@0.1.2
135 silly idealTree ├── through@2.3.8
135 silly idealTree ├── timed-out@2.0.0
135 silly idealTree ├── timespan@2.3.0
135 silly idealTree ├── to-array@0.1.4
135 silly idealTree ├── touch@1.0.0
135 silly idealTree ├── type-is@1.6.14
135 silly idealTree ├── uid-safe@2.1.4
135 silly idealTree ├── ultron@1.0.2
135 silly idealTree ├── undefsafe@0.0.3
135 silly idealTree ├── unpipe@1.0.0
135 silly idealTree ├── update-notifier@0.5.0
135 silly idealTree ├── util-deprecate@1.0.2
135 silly idealTree ├─┬ util@0.10.3
135 silly idealTree │ └── inherits@2.0.1
135 silly idealTree ├── utile@0.2.1
135 silly idealTree ├── utils-merge@1.0.0
135 silly idealTree ├── uuid@2.0.3
135 silly idealTree ├── vary@1.1.0
135 silly idealTree ├── winston@0.8.3
135 silly idealTree ├── wordwrap@0.0.3
135 silly idealTree ├── wrappy@1.0.2
135 silly idealTree ├── write-file-atomic@1.3.1
135 silly idealTree ├── ws@1.1.2
135 silly idealTree ├── wtf-8@1.0.0
135 silly idealTree ├── xdg-basedir@2.0.0
135 silly idealTree ├── xmlhttprequest-ssl@1.5.3
135 silly idealTree └── yeast@0.1.2
136 silly generateActionsToTake Starting
137 silly install generateActionsToTake
138 silly generateActionsToTake Finishing
139 silly diffTrees action count 2
140 silly diffTrees add nan@2.5.1
141 silly diffTrees add node-dht-sensor@0.0.32
142 silly decomposeActions action count 16
143 silly decomposeActions fetch nan@2.5.1
144 silly decomposeActions extract nan@2.5.1
145 silly decomposeActions test nan@2.5.1
146 silly decomposeActions preinstall nan@2.5.1
147 silly decomposeActions build nan@2.5.1
148 silly decomposeActions install nan@2.5.1
149 silly decomposeActions postinstall nan@2.5.1
150 silly decomposeActions finalize nan@2.5.1
151 silly decomposeActions fetch node-dht-sensor@0.0.32
152 silly decomposeActions extract node-dht-sensor@0.0.32
153 silly decomposeActions test node-dht-sensor@0.0.32
154 silly decomposeActions preinstall node-dht-sensor@0.0.32
155 silly decomposeActions build node-dht-sensor@0.0.32
156 silly decomposeActions install node-dht-sensor@0.0.32
157 silly decomposeActions postinstall node-dht-sensor@0.0.32
158 silly decomposeActions finalize node-dht-sensor@0.0.32
159 silly runTopLevelLifecycles Starting
160 silly executeActions Starting
161 silly install executeActions
162 silly doSerial global-install 0
163 silly doParallel fetch 2
164 verbose correctMkdir /root/.npm/_locks correctMkdir not in flight; initializing
165 verbose lock using /root/.npm/_locks/staging-c228fca8ba3b2143.lock for /home/pi/Pregled-meritev/node_modules/.staging
166 silly doParallel extract 2
167 silly extract nan@2.5.1
168 silly extract node-dht-sensor@0.0.32
169 verbose unbuild node_modules/.staging/nan-70c9ef83
170 verbose unbuild node_modules/.staging/node-dht-sensor-d048b2ef
171 silly gentlyRm /home/pi/Pregled-meritev/node_modules/.staging/nan-70c9ef83 is being purged from base /home/pi/Pregled-meritev
172 verbose gentlyRm don't care about contents; nuking /home/pi/Pregled-meritev/node_modules/.staging/nan-70c9ef83
173 silly gentlyRm /home/pi/Pregled-meritev/node_modules/.staging/node-dht-sensor-d048b2ef is being purged from base /home/pi/Pregled-meritev
174 verbose gentlyRm don't care about contents; nuking /home/pi/Pregled-meritev/node_modules/.staging/node-dht-sensor-d048b2ef
175 verbose tar unpack /root/.npm/nan/2.5.1/package.tgz
176 verbose tar unpacking to /home/pi/Pregled-meritev/node_modules/.staging/nan-70c9ef83
177 silly gentlyRm /home/pi/Pregled-meritev/node_modules/.staging/nan-70c9ef83 is being purged
178 verbose gentlyRm don't care about contents; nuking /home/pi/Pregled-meritev/node_modules/.staging/nan-70c9ef83
179 verbose tar unpack /root/.npm/node-dht-sensor/0.0.32/package.tgz
180 verbose tar unpacking to /home/pi/Pregled-meritev/node_modules/.staging/node-dht-sensor-d048b2ef
181 silly gentlyRm /home/pi/Pregled-meritev/node_modules/.staging/node-dht-sensor-d048b2ef is being purged
182 verbose gentlyRm don't care about contents; nuking /home/pi/Pregled-meritev/node_modules/.staging/node-dht-sensor-d048b2ef
183 silly gunzTarPerm modes [ '755', '644' ]
184 silly gunzTarPerm modes [ '755', '644' ]
185 silly gunzTarPerm extractEntry package.json
186 silly gunzTarPerm modified mode [ 'package.json', 436, 420 ]
187 silly gunzTarPerm extractEntry package.json
188 silly gunzTarPerm modified mode [ 'package.json', 448, 484 ]
189 silly gunzTarPerm extractEntry README.md
190 silly gunzTarPerm modified mode [ 'README.md', 436, 420 ]
191 silly gunzTarPerm extractEntry include_dirs.js
192 silly gunzTarPerm modified mode [ 'include_dirs.js', 436, 420 ]
193 silly gunzTarPerm extractEntry .npmignore
194 silly gunzTarPerm extractEntry README.md
195 silly gunzTarPerm extractEntry LICENSE
196 silly gunzTarPerm extractEntry check-lib.sh
197 silly gunzTarPerm extractEntry nan_converters.h
198 silly gunzTarPerm modified mode [ 'nan_converters.h', 436, 420 ]
199 silly gunzTarPerm extractEntry CHANGELOG.md
200 silly gunzTarPerm modified mode [ 'CHANGELOG.md', 436, 420 ]
201 silly gunzTarPerm extractEntry LICENSE.md
202 silly gunzTarPerm modified mode [ 'LICENSE.md', 436, 420 ]
203 silly gunzTarPerm extractEntry doc/node_misc.md
204 silly gunzTarPerm modified mode [ 'doc/node_misc.md', 436, 420 ]
205 silly gunzTarPerm extractEntry dht-sensor.cpp
206 silly gunzTarPerm modified mode [ 'dht-sensor.cpp', 448, 484 ]
207 silly gunzTarPerm extractEntry doc/asyncworker.md
208 silly gunzTarPerm modified mode [ 'doc/asyncworker.md', 436, 420 ]
209 silly gunzTarPerm extractEntry doc/callback.md
210 silly gunzTarPerm modified mode [ 'doc/callback.md', 436, 420 ]
211 silly gunzTarPerm extractEntry dht-sensor.h
212 silly gunzTarPerm extractEntry node-dht-sensor.cpp
213 silly gunzTarPerm extractEntry doc/converters.md
214 silly gunzTarPerm modified mode [ 'doc/converters.md', 436, 420 ]
215 silly gunzTarPerm extractEntry doc/errors.md
216 silly gunzTarPerm modified mode [ 'doc/errors.md', 436, 420 ]
217 silly gunzTarPerm extractEntry binding.gyp
218 silly gunzTarPerm extractEntry test/async-explicit.js
219 silly gunzTarPerm extractEntry doc/maybe_types.md
220 silly gunzTarPerm modified mode [ 'doc/maybe_types.md', 436, 420 ]
221 silly gunzTarPerm extractEntry doc/methods.md
222 silly gunzTarPerm modified mode [ 'doc/methods.md', 436, 420 ]
223 silly gunzTarPerm extractEntry doc/new.md
224 silly gunzTarPerm modified mode [ 'doc/new.md', 436, 420 ]
225 silly gunzTarPerm extractEntry test/duty.js
226 silly gunzTarPerm extractEntry test/sync-explicit.js
227 silly gunzTarPerm extractEntry doc/buffers.md
228 silly gunzTarPerm modified mode [ 'doc/buffers.md', 436, 420 ]
229 silly gunzTarPerm extractEntry doc/object_wrappers.md
230 silly gunzTarPerm modified mode [ 'doc/object_wrappers.md', 436, 420 ]
231 silly gunzTarPerm extractEntry test/sync-implicit.js
232 silly gunzTarPerm extractEntry doc/persistent.md
233 silly gunzTarPerm modified mode [ 'doc/persistent.md', 436, 420 ]
234 silly gunzTarPerm extractEntry doc/scopes.md
235 silly gunzTarPerm modified mode [ 'doc/scopes.md', 436, 420 ]
236 silly gunzTarPerm extractEntry doc/script.md
237 silly gunzTarPerm modified mode [ 'doc/script.md', 436, 420 ]
238 silly gunzTarPerm extractEntry doc/string_bytes.md
239 silly gunzTarPerm modified mode [ 'doc/string_bytes.md', 436, 420 ]
240 silly gunzTarPerm extractEntry doc/v8_internals.md
241 silly gunzTarPerm modified mode [ 'doc/v8_internals.md', 436, 420 ]
242 silly gunzTarPerm extractEntry doc/v8_misc.md
243 silly gunzTarPerm modified mode [ 'doc/v8_misc.md', 436, 420 ]
244 silly gunzTarPerm extractEntry nan.h
245 silly gunzTarPerm modified mode [ 'nan.h', 436, 420 ]
246 silly gunzTarPerm extractEntry nan_callbacks.h
247 silly gunzTarPerm modified mode [ 'nan_callbacks.h', 436, 420 ]
248 silly gunzTarPerm extractEntry nan_callbacks_12_inl.h
249 silly gunzTarPerm modified mode [ 'nan_callbacks_12_inl.h', 436, 420 ]
250 silly gunzTarPerm extractEntry nan_callbacks_pre_12_inl.h
251 silly gunzTarPerm modified mode [ 'nan_callbacks_pre_12_inl.h', 436, 420 ]
252 silly gunzTarPerm extractEntry nan_converters_43_inl.h
253 silly gunzTarPerm modified mode [ 'nan_converters_43_inl.h', 436, 420 ]
254 silly gunzTarPerm extractEntry nan_converters_pre_43_inl.h
255 silly gunzTarPerm modified mode [ 'nan_converters_pre_43_inl.h', 436, 420 ]
256 silly gunzTarPerm extractEntry nan_implementation_12_inl.h
257 silly gunzTarPerm modified mode [ 'nan_implementation_12_inl.h', 436, 420 ]
258 silly gunzTarPerm extractEntry nan_implementation_pre_12_inl.h
259 silly gunzTarPerm modified mode [ 'nan_implementation_pre_12_inl.h', 436, 420 ]
260 silly gunzTarPerm extractEntry nan_maybe_43_inl.h
261 silly gunzTarPerm modified mode [ 'nan_maybe_43_inl.h', 436, 420 ]
262 silly gunzTarPerm extractEntry nan_maybe_pre_43_inl.h
263 silly gunzTarPerm modified mode [ 'nan_maybe_pre_43_inl.h', 436, 420 ]
264 silly gunzTarPerm extractEntry nan_new.h
265 silly gunzTarPerm modified mode [ 'nan_new.h', 436, 420 ]
266 silly gunzTarPerm extractEntry nan_object_wrap.h
267 silly gunzTarPerm modified mode [ 'nan_object_wrap.h', 436, 420 ]
268 silly gunzTarPerm extractEntry nan_persistent_12_inl.h
269 silly gunzTarPerm modified mode [ 'nan_persistent_12_inl.h', 436, 420 ]
270 silly gunzTarPerm extractEntry nan_persistent_pre_12_inl.h
271 silly gunzTarPerm modified mode [ 'nan_persistent_pre_12_inl.h', 436, 420 ]
272 silly gunzTarPerm extractEntry nan_private.h
273 silly gunzTarPerm modified mode [ 'nan_private.h', 436, 420 ]
274 silly gunzTarPerm extractEntry nan_string_bytes.h
275 silly gunzTarPerm modified mode [ 'nan_string_bytes.h', 436, 420 ]
276 silly gentlyRm /home/pi/Pregled-meritev/node_modules/.staging/node-dht-sensor-d048b2ef/node_modules is being purged
277 verbose gentlyRm don't care about contents; nuking /home/pi/Pregled-meritev/node_modules/.staging/node-dht-sensor-d048b2ef/node_modules
278 silly gunzTarPerm extractEntry nan_typedarray_contents.h
279 silly gunzTarPerm modified mode [ 'nan_typedarray_contents.h', 436, 420 ]
280 silly gunzTarPerm extractEntry nan_weak.h
281 silly gunzTarPerm modified mode [ 'nan_weak.h', 436, 420 ]
282 silly gunzTarPerm extractEntry tools/package.json
283 silly gunzTarPerm modified mode [ 'tools/package.json', 436, 420 ]
284 silly gunzTarPerm extractEntry tools/README.md
285 silly gunzTarPerm modified mode [ 'tools/README.md', 436, 420 ]
286 silly gunzTarPerm extractEntry tools/1to2.js
287 silly gunzTarPerm modified mode [ 'tools/1to2.js', 509, 493 ]
288 silly gentlyRm /home/pi/Pregled-meritev/node_modules/.staging/nan-70c9ef83/node_modules is being purged
289 verbose gentlyRm don't care about contents; nuking /home/pi/Pregled-meritev/node_modules/.staging/nan-70c9ef83/node_modules
290 silly doParallel preinstall 2
291 silly preinstall nan@2.5.1
292 info lifecycle nan@2.5.1~preinstall: nan@2.5.1
293 silly preinstall node-dht-sensor@0.0.32
294 info lifecycle node-dht-sensor@0.0.32~preinstall: node-dht-sensor@0.0.32
295 silly lifecycle nan@2.5.1~preinstall: no script for preinstall, continuing
296 warn lifecycle node-dht-sensor@0.0.32~preinstall: cannot run in wd %s %s (wd=%s) node-dht-sensor@0.0.32 ./check-lib.sh /home/pi/Pregled-meritev/node_modules/.staging/node-dht-sensor-d048b2ef
297 silly doReverseSerial remove 0
298 silly doSerial move 0
299 silly doSerial finalize 2
300 silly finalize /home/pi/Pregled-meritev/node_modules/nan
301 silly finalize /home/pi/Pregled-meritev/node_modules/node-dht-sensor
302 silly doSerial build 2
303 silly build nan@2.5.1
304 info linkStuff nan@2.5.1
305 silly linkStuff nan@2.5.1 has /home/pi/Pregled-meritev/node_modules as its parent node_modules
306 verbose linkBins nan@2.5.1
307 verbose linkMans nan@2.5.1
308 silly build node-dht-sensor@0.0.32
309 info linkStuff node-dht-sensor@0.0.32
310 silly linkStuff node-dht-sensor@0.0.32 has /home/pi/Pregled-meritev/node_modules as its parent node_modules
311 verbose linkBins node-dht-sensor@0.0.32
312 verbose linkMans node-dht-sensor@0.0.32
313 silly doSerial global-link 0
314 silly doParallel update-linked 0
315 silly doSerial install 2
316 silly install nan@2.5.1
317 info lifecycle nan@2.5.1~install: nan@2.5.1
318 silly lifecycle nan@2.5.1~install: no script for install, continuing
319 silly install node-dht-sensor@0.0.32
320 info lifecycle node-dht-sensor@0.0.32~install: node-dht-sensor@0.0.32
321 verbose lifecycle node-dht-sensor@0.0.32~install: unsafe-perm in lifecycle false
322 verbose lifecycle node-dht-sensor@0.0.32~install: PATH: /usr/local/lib/node_modules/npm/bin/node-gyp-bin:/home/pi/Pregled-meritev/node_modules/node-dht-sensor/node_modules/.bin:/home/pi/Pregled-meritev/node_modules/.bin:/usr/local/sbin:/usr/local/bin:/usr/sbin:/usr/bin:/sbin:/bin
323 verbose lifecycle node-dht-sensor@0.0.32~install: CWD: /home/pi/Pregled-meritev/node_modules/node-dht-sensor
324 silly lifecycle node-dht-sensor@0.0.32~install: Args: [ '-c', 'node-gyp configure' ]
325 silly lifecycle node-dht-sensor@0.0.32~install: Returned: code: 0  signal: null
326 silly doSerial postinstall 2
327 silly postinstall nan@2.5.1
328 info lifecycle nan@2.5.1~postinstall: nan@2.5.1
329 silly lifecycle nan@2.5.1~postinstall: no script for postinstall, continuing
330 silly postinstall node-dht-sensor@0.0.32
331 info lifecycle node-dht-sensor@0.0.32~postinstall: node-dht-sensor@0.0.32
332 verbose lifecycle node-dht-sensor@0.0.32~postinstall: unsafe-perm in lifecycle false
333 verbose lifecycle node-dht-sensor@0.0.32~postinstall: PATH: /usr/local/lib/node_modules/npm/bin/node-gyp-bin:/home/pi/Pregled-meritev/node_modules/node-dht-sensor/node_modules/.bin:/home/pi/Pregled-meritev/node_modules/.bin:/usr/local/sbin:/usr/local/bin:/usr/sbin:/usr/bin:/sbin:/bin
334 verbose lifecycle node-dht-sensor@0.0.32~postinstall: CWD: /home/pi/Pregled-meritev/node_modules/node-dht-sensor
335 silly lifecycle node-dht-sensor@0.0.32~postinstall: Args: [ '-c', 'node-gyp build' ]
336 silly lifecycle node-dht-sensor@0.0.32~postinstall: Returned: code: 1  signal: null
337 info lifecycle node-dht-sensor@0.0.32~postinstall: Failed to exec postinstall script
338 verbose unlock done using /root/.npm/_locks/staging-c228fca8ba3b2143.lock for /home/pi/Pregled-meritev/node_modules/.staging
339 silly rollbackFailedOptional Starting
340 silly gentlyRm /home/pi/Pregled-meritev/node_modules/nan is being purged from base /home/pi/Pregled-meritev
341 verbose gentlyRm don't care about contents; nuking /home/pi/Pregled-meritev/node_modules/nan
342 silly gentlyRm /home/pi/Pregled-meritev/node_modules/nan is being purged from base /home/pi/Pregled-meritev
343 verbose gentlyRm don't care about contents; nuking /home/pi/Pregled-meritev/node_modules/nan
344 silly gentlyRm /home/pi/Pregled-meritev/node_modules/nan is being purged from base /home/pi/Pregled-meritev
345 verbose gentlyRm don't care about contents; nuking /home/pi/Pregled-meritev/node_modules/nan
346 silly gentlyRm /home/pi/Pregled-meritev/node_modules/nan is being purged from base /home/pi/Pregled-meritev
347 verbose gentlyRm don't care about contents; nuking /home/pi/Pregled-meritev/node_modules/nan
348 silly gentlyRm /home/pi/Pregled-meritev/node_modules/nan is being purged from base /home/pi/Pregled-meritev
349 verbose gentlyRm don't care about contents; nuking /home/pi/Pregled-meritev/node_modules/nan
350 silly gentlyRm /home/pi/Pregled-meritev/node_modules/nan is being purged from base /home/pi/Pregled-meritev
351 verbose gentlyRm don't care about contents; nuking /home/pi/Pregled-meritev/node_modules/nan
352 silly gentlyRm /home/pi/Pregled-meritev/node_modules/nan is being purged from base /home/pi/Pregled-meritev
353 verbose gentlyRm don't care about contents; nuking /home/pi/Pregled-meritev/node_modules/nan
354 silly gentlyRm /home/pi/Pregled-meritev/node_modules/nan is being purged from base /home/pi/Pregled-meritev
355 verbose gentlyRm don't care about contents; nuking /home/pi/Pregled-meritev/node_modules/nan
356 silly gentlyRm /home/pi/Pregled-meritev/node_modules/node-dht-sensor is being purged from base /home/pi/Pregled-meritev
357 verbose gentlyRm don't care about contents; nuking /home/pi/Pregled-meritev/node_modules/node-dht-sensor
358 silly gentlyRm /home/pi/Pregled-meritev/node_modules/node-dht-sensor is being purged from base /home/pi/Pregled-meritev
359 verbose gentlyRm don't care about contents; nuking /home/pi/Pregled-meritev/node_modules/node-dht-sensor
360 silly gentlyRm /home/pi/Pregled-meritev/node_modules/node-dht-sensor is being purged from base /home/pi/Pregled-meritev
361 verbose gentlyRm don't care about contents; nuking /home/pi/Pregled-meritev/node_modules/node-dht-sensor
362 silly gentlyRm /home/pi/Pregled-meritev/node_modules/node-dht-sensor is being purged from base /home/pi/Pregled-meritev
363 verbose gentlyRm don't care about contents; nuking /home/pi/Pregled-meritev/node_modules/node-dht-sensor
364 silly gentlyRm /home/pi/Pregled-meritev/node_modules/node-dht-sensor is being purged from base /home/pi/Pregled-meritev
365 verbose gentlyRm don't care about contents; nuking /home/pi/Pregled-meritev/node_modules/node-dht-sensor
366 silly gentlyRm /home/pi/Pregled-meritev/node_modules/node-dht-sensor is being purged from base /home/pi/Pregled-meritev
367 verbose gentlyRm don't care about contents; nuking /home/pi/Pregled-meritev/node_modules/node-dht-sensor
368 silly gentlyRm /home/pi/Pregled-meritev/node_modules/node-dht-sensor is being purged from base /home/pi/Pregled-meritev
369 verbose gentlyRm don't care about contents; nuking /home/pi/Pregled-meritev/node_modules/node-dht-sensor
370 silly gentlyRm /home/pi/Pregled-meritev/node_modules/node-dht-sensor is being purged from base /home/pi/Pregled-meritev
371 verbose gentlyRm don't care about contents; nuking /home/pi/Pregled-meritev/node_modules/node-dht-sensor
372 silly vacuum-fs purging /home/pi/Pregled-meritev/node_modules/nan
373 silly vacuum-fs purging /home/pi/Pregled-meritev/node_modules/nan
374 silly vacuum-fs purging /home/pi/Pregled-meritev/node_modules/nan
375 silly vacuum-fs purging /home/pi/Pregled-meritev/node_modules/nan
376 silly vacuum-fs purging /home/pi/Pregled-meritev/node_modules/nan
377 silly vacuum-fs purging /home/pi/Pregled-meritev/node_modules/nan
378 silly vacuum-fs purging /home/pi/Pregled-meritev/node_modules/nan
379 silly vacuum-fs purging /home/pi/Pregled-meritev/node_modules/nan
380 silly vacuum-fs purging /home/pi/Pregled-meritev/node_modules/node-dht-sensor
381 silly vacuum-fs purging /home/pi/Pregled-meritev/node_modules/node-dht-sensor
382 silly vacuum-fs purging /home/pi/Pregled-meritev/node_modules/node-dht-sensor
383 silly vacuum-fs purging /home/pi/Pregled-meritev/node_modules/node-dht-sensor
384 silly vacuum-fs purging /home/pi/Pregled-meritev/node_modules/node-dht-sensor
385 silly vacuum-fs purging /home/pi/Pregled-meritev/node_modules/node-dht-sensor
386 silly vacuum-fs purging /home/pi/Pregled-meritev/node_modules/node-dht-sensor
387 silly vacuum-fs purging /home/pi/Pregled-meritev/node_modules/node-dht-sensor
388 silly vacuum-fs quitting because other entries in /home/pi/Pregled-meritev/node_modules
389 silly vacuum-fs quitting because other entries in /home/pi/Pregled-meritev/node_modules
390 silly vacuum-fs quitting because other entries in /home/pi/Pregled-meritev/node_modules
391 silly vacuum-fs quitting because other entries in /home/pi/Pregled-meritev/node_modules
392 silly vacuum-fs quitting because other entries in /home/pi/Pregled-meritev/node_modules
393 silly vacuum-fs quitting because other entries in /home/pi/Pregled-meritev/node_modules
394 silly vacuum-fs quitting because other entries in /home/pi/Pregled-meritev/node_modules
395 silly vacuum-fs quitting because other entries in /home/pi/Pregled-meritev/node_modules
396 silly vacuum-fs quitting because other entries in /home/pi/Pregled-meritev/node_modules
397 silly vacuum-fs quitting because other entries in /home/pi/Pregled-meritev/node_modules
398 silly vacuum-fs quitting because other entries in /home/pi/Pregled-meritev/node_modules
399 silly vacuum-fs quitting because other entries in /home/pi/Pregled-meritev/node_modules
400 silly vacuum-fs quitting because other entries in /home/pi/Pregled-meritev/node_modules
401 silly vacuum-fs quitting because other entries in /home/pi/Pregled-meritev/node_modules
402 silly vacuum-fs quitting because other entries in /home/pi/Pregled-meritev/node_modules
403 silly vacuum-fs quitting because other entries in /home/pi/Pregled-meritev/node_modules
404 silly rollbackFailedOptional Finishing
405 silly runTopLevelLifecycles Finishing
406 silly install printInstalled
407 warn optional SKIPPING OPTIONAL DEPENDENCY: fsevents@^1.0.0 (node_modules/chokidar/node_modules/fsevents):
408 warn notsup SKIPPING OPTIONAL DEPENDENCY: Unsupported platform for fsevents@1.1.1: wanted {"os":"darwin","arch":"any"} (current: {"os":"linux","arch":"arm"})
409 verbose notsup SKIPPING OPTIONAL DEPENDENCY: Valid OS:    darwin
409 verbose notsup SKIPPING OPTIONAL DEPENDENCY: Valid Arch:  any
409 verbose notsup SKIPPING OPTIONAL DEPENDENCY: Actual OS:   linux
409 verbose notsup SKIPPING OPTIONAL DEPENDENCY: Actual Arch: arm
410 warn Pregled-meritev@ No repository field.
411 verbose If you need help, you may report this error at:
411 verbose     <https://github.com/npm/npm/issues>
412 warn Pregled-meritev@ No license field.
413 verbose If you need help, you may report this error at:
413 verbose     <https://github.com/npm/npm/issues>
414 verbose stack Error: node-dht-sensor@0.0.32 postinstall: `node-gyp build`
414 verbose stack Exit status 1
414 verbose stack     at EventEmitter.<anonymous> (/usr/local/lib/node_modules/npm/lib/utils/lifecycle.js:279:16)
414 verbose stack     at emitTwo (events.js:106:13)
414 verbose stack     at EventEmitter.emit (events.js:192:7)
414 verbose stack     at ChildProcess.<anonymous> (/usr/local/lib/node_modules/npm/lib/utils/spawn.js:40:14)
414 verbose stack     at emitTwo (events.js:106:13)
414 verbose stack     at ChildProcess.emit (events.js:192:7)
414 verbose stack     at maybeClose (internal/child_process.js:890:16)
414 verbose stack     at Process.ChildProcess._handle.onexit (internal/child_process.js:226:5)
415 verbose pkgid node-dht-sensor@0.0.32
416 verbose cwd /home/pi/Pregled-meritev
417 error Linux 4.4.11+
418 error argv "/usr/local/bin/node" "/usr/local/bin/npm" "install" "node-dht-sensor"
419 error node v7.6.0
420 error npm  v4.1.2
421 error code ELIFECYCLE
422 error node-dht-sensor@0.0.32 postinstall: `node-gyp build`
422 error Exit status 1
423 error Failed at the node-dht-sensor@0.0.32 postinstall script 'node-gyp build'.
423 error Make sure you have the latest version of node.js and npm installed.
423 error If you do, this is most likely a problem with the node-dht-sensor package,
423 error not with npm itself.
423 error Tell the author that this fails on your system:
423 error     node-gyp build
423 error You can get information on how to open an issue for this project with:
423 error     npm bugs node-dht-sensor
423 error Or if that isn't available, you can get their info via:
423 error     npm owner ls node-dht-sensor
423 error There is likely additional logging output above.
424 verbose exit [ 1, true ]
